<?xml version="1.0" encoding="UTF-8"?>
<!-- Generated by org.testng.reporters.JUnitXMLReporter -->
<testsuite hostname="Apples-MacBook-Pro-2.local" ignored="0" name="Command line test" tests="6" failures="1" timestamp="31 Dec 2018 18:17:42 GMT" time="1.474" errors="0">
  <testcase name="add" time="0.001" classname="lenkart.lenskart.Testngsample"/>
  <testcase name="checkintest" time="0.0" classname="lenkart.lenskart.Testngsample"/>
  <testcase name="checkpropertiesfile" time="0.0" classname="lenkart.lenskart.Testngsample">
    <failure type="org.testng.TestNGException" message="
Parameter &amp;apos;name&amp;apos; is required by @Test on method checkpropertiesfile but has not been marked @Optional or defined
">
      <![CDATA[org.testng.TestNGException: 
Parameter 'name' is required by @Test on method checkpropertiesfile but has not been marked @Optional or defined

... Removed 34 stack frames]]>
    </failure>
  </testcase> <!-- checkpropertiesfile -->
  <testcase name="firtsample" time="1.158" classname="lenkart.lenskart.Testngsample"/>
  <testcase name="functionaltest" time="0.0" classname="lenkart.lenskart.Testngsample"/>
  <testcase name="secondsample" time="0.29" classname="lenkart.lenskart.Testngsample"/>
</testsuite> <!-- Command line test -->
