<?xml version="1.0" encoding="UTF-8"?>
<!-- Generated by org.testng.reporters.JUnitReportReporter -->
<testsuite skipped="0" hostname="Apples-MacBook-Pro-2.local" name="lenkart.lenskart.Testngsample" tests="6" failures="0" timestamp="31 Dec 2018 16:25:10 GMT" time="1.121" errors="1">
  <testcase name="checkpropertiesfile" time="0.000" classname="lenkart.lenskart.Testngsample">
    <error type="org.testng.TestNGException" message="
Parameter &#039;name&#039; is required by @Test on method checkpropertiesfile but has not been marked @Optional or defined
in /private/var/folders/6c/p5dspxjx7f94hv04cyhf8mj40000gn/T/testng-eclipse-449794331/testng-customsuite.xml">
      <![CDATA[org.testng.TestNGException: 
Parameter 'name' is required by @Test on method checkpropertiesfile but has not been marked @Optional or defined
in /private/var/folders/6c/p5dspxjx7f94hv04cyhf8mj40000gn/T/testng-eclipse-449794331/testng-customsuite.xml
at org.testng.internal.Parameters.createParams(Parameters.java:290)
at org.testng.internal.Parameters.createParametersForMethod(Parameters.java:359)
at org.testng.internal.Parameters.createParameters(Parameters.java:620)
at org.testng.internal.Parameters.handleParameters(Parameters.java:769)
at org.testng.internal.ParameterHandler.handleParameters(ParameterHandler.java:49)
at org.testng.internal.ParameterHandler.createParameters(ParameterHandler.java:37)
at org.testng.internal.Invoker.invokeTestMethods(Invoker.java:924)
at org.testng.internal.TestMethodWorker.invokeTestMethods(TestMethodWorker.java:125)
at org.testng.internal.TestMethodWorker.run(TestMethodWorker.java:109)
at org.testng.TestRunner.privateRun(TestRunner.java:648)
at org.testng.TestRunner.run(TestRunner.java:505)
at org.testng.SuiteRunner.runTest(SuiteRunner.java:455)
at org.testng.SuiteRunner.runSequentially(SuiteRunner.java:450)
at org.testng.SuiteRunner.privateRun(SuiteRunner.java:415)
at org.testng.SuiteRunner.run(SuiteRunner.java:364)
at org.testng.SuiteRunnerWorker.runSuite(SuiteRunnerWorker.java:52)
at org.testng.SuiteRunnerWorker.run(SuiteRunnerWorker.java:84)
at org.testng.TestNG.runSuitesSequentially(TestNG.java:1208)
at org.testng.TestNG.runSuitesLocally(TestNG.java:1137)
at org.testng.TestNG.runSuites(TestNG.java:1049)
at org.testng.TestNG.run(TestNG.java:1017)
at org.testng.remote.AbstractRemoteTestNG.run(AbstractRemoteTestNG.java:132)
at org.testng.remote.RemoteTestNG.initAndRun(RemoteTestNG.java:230)
at org.testng.remote.RemoteTestNG.main(RemoteTestNG.java:76)
]]>
    </error>
  </testcase> <!-- checkpropertiesfile -->
  <testcase name="functionaltest" time="0.001" classname="lenkart.lenskart.Testngsample"/>
  <testcase name="firtsample" time="0.797" classname="lenkart.lenskart.Testngsample"/>
  <testcase name="secondsample" time="0.315" classname="lenkart.lenskart.Testngsample"/>
  <testcase name="checkintest" time="0.002" classname="lenkart.lenskart.Testngsample"/>
  <testcase name="add" time="0.006" classname="lenkart.lenskart.Testngsample"/>
</testsuite> <!-- lenkart.lenskart.Testngsample -->
